<?xml version="1.0" encoding="UTF-8"?>
<testsuite name="com.pulsepoint.drawing.canvas.ConsoleCanvasTest" tests="1" skipped="0" failures="0" errors="0" timestamp="2022-02-16T00:03:22" hostname="QQVava" time="0.345">
  <properties/>
  <testcase name="canvas should draw and redraw a pixel with different colours()" classname="com.pulsepoint.drawing.canvas.ConsoleCanvasTest" time="0.345"/>
  <system-out><![CDATA[-----
|x  |
|   |
-----

-----
|c  |
|   |
-----

]]></system-out>
  <system-err><![CDATA[]]></system-err>
</testsuite>
