<?xml version="1.0" encoding="UTF-8"?>
<testsuite name="com.pulsepoint.drawing.canvas.CanvasManagerTest" tests="1" skipped="0" failures="0" errors="0" timestamp="2022-02-16T00:03:21" hostname="QQVava" time="0.001">
  <properties/>
  <testcase name="commandsResultTest()" classname="com.pulsepoint.drawing.canvas.CanvasManagerTest" time="0.001"/>
  <system-out><![CDATA[]]></system-out>
  <system-err><![CDATA[]]></system-err>
</testsuite>
